0 info it worked if it ends with ok
1 verbose cli [ 'node', '/usr/local/bin/npm', 'publish', 'patch' ]
2 info using npm@2.5.1
3 info using node@v0.12.0
4 verbose node symlink /usr/local/bin/node
5 verbose publish [ 'patch' ]
6 silly cache add args [ 'patch', null ]
7 verbose cache add spec patch
8 silly cache add parsed spec { raw: 'patch',
8 silly cache add   scope: null,
8 silly cache add   name: 'patch',
8 silly cache add   rawSpec: '',
8 silly cache add   spec: '*',
8 silly cache add   type: 'range' }
9 verbose addNamed patch@*
10 silly addNamed semver.valid null
11 silly addNamed semver.validRange *
12 silly addNameRange { name: 'patch', range: '*', hasData: false }
13 silly mapToRegistry name patch
14 silly mapToRegistry using default registry
15 silly mapToRegistry registry https://registry.npmjs.org/
16 silly mapToRegistry uri https://registry.npmjs.org/patch
17 verbose addNameRange registry:https://registry.npmjs.org/patch not in flight; fetching
18 verbose request uri https://registry.npmjs.org/patch
19 verbose request no auth needed
20 info attempt registry request try #1 at 15:13:34
21 verbose request id 6c1dddab529c8015
22 http request GET https://registry.npmjs.org/patch
23 http 200 https://registry.npmjs.org/patch
24 silly get cb [ 200,
24 silly get   { server: 'CouchDB/1.5.0 (Erlang OTP/R16B03)',
24 silly get     etag: '"2X1SUQ95LWDOWMJDBOMKSX7EP"',
24 silly get     'content-type': 'application/json',
24 silly get     'cache-control': 'max-age=60',
24 silly get     'content-length': '5006',
24 silly get     'accept-ranges': 'bytes',
24 silly get     date: 'Tue, 12 May 2015 13:13:34 GMT',
24 silly get     via: '1.1 varnish',
24 silly get     age: '0',
24 silly get     connection: 'keep-alive',
24 silly get     'x-served-by': 'cache-fra1238-FRA',
24 silly get     'x-cache': 'MISS',
24 silly get     'x-cache-hits': '0',
24 silly get     'x-timer': 'S1431436414.603938,VS0,VE179',
24 silly get     vary: 'Accept' } ]
25 verbose get saving patch to /Users/thomashoffmann/.npm/registry.npmjs.org/patch/.cache.json
26 silly addNameRange number 2 { name: 'patch', range: '*', hasData: true }
27 silly addNameRange versions [ 'patch', [ '0.0.1' ] ]
28 verbose addNamed patch@0.0.1
29 silly addNamed semver.valid 0.0.1
30 silly addNamed semver.validRange 0.0.1
31 silly mapToRegistry name patch
32 silly mapToRegistry using default registry
33 silly mapToRegistry registry https://registry.npmjs.org/
34 silly mapToRegistry uri https://registry.npmjs.org/patch
35 verbose addRemoteTarball https://registry.npmjs.org/patch/-/patch-0.0.1.tgz not in flight; adding
36 verbose addRemoteTarball [ 'https://registry.npmjs.org/patch/-/patch-0.0.1.tgz',
36 verbose addRemoteTarball   '293056dbbc71c979a1b7273308b12c5460246833' ]
37 info retry fetch attempt 1 at 15:13:35
38 info attempt registry request try #1 at 15:13:35
39 http fetch GET https://registry.npmjs.org/patch/-/patch-0.0.1.tgz
40 http fetch 200 https://registry.npmjs.org/patch/-/patch-0.0.1.tgz
41 silly fetchAndShaCheck shasum 293056dbbc71c979a1b7273308b12c5460246833
42 verbose addTmpTarball /var/folders/_9/vcpn3mf91rs0jy9r54rwl6h40000gn/T/npm-39908-dbb88cd6/registry.npmjs.org/patch/-/patch-0.0.1.tgz not in flight; adding
43 verbose addTmpTarball already have metadata; skipping unpack for patch@0.0.1
44 silly cache afterAdd patch@0.0.1
45 verbose afterAdd /Users/thomashoffmann/.npm/patch/0.0.1/package/package.json not in flight; writing
46 verbose afterAdd /Users/thomashoffmann/.npm/patch/0.0.1/package/package.json written
47 silly publish { name: 'patch',
47 silly publish   version: '0.0.1',
47 silly publish   description: 'an object patching tool',
47 silly publish   main: 'patch.js',
47 silly publish   directories: { test: 'tests' },
47 silly publish   dependencies: {},
47 silly publish   devDependencies: { specify: '~1.1.2' },
47 silly publish   scripts: { test: 'node tests/*.js' },
47 silly publish   repository: '',
47 silly publish   author: { name: 'john chesley', email: 'john@chesl.es' },
47 silly publish   license: 'MIT',
47 silly publish   _id: 'patch@0.0.1',
47 silly publish   dist:
47 silly publish    { shasum: '293056dbbc71c979a1b7273308b12c5460246833',
47 silly publish      tarball: 'http://registry.npmjs.org/patch/-/patch-0.0.1.tgz' },
47 silly publish   _npmVersion: '1.1.65',
47 silly publish   _npmUser: { name: 'chesles', email: 'john@chesl.es' },
47 silly publish   maintainers: [ { name: 'chesles', email: 'john@chesl.es' } ],
47 silly publish   _shasum: '293056dbbc71c979a1b7273308b12c5460246833',
47 silly publish   _resolved: 'https://registry.npmjs.org/patch/-/patch-0.0.1.tgz',
47 silly publish   _from: 'patch@*' }
48 info prepublish patch@0.0.1
49 silly mapToRegistry name patch
50 silly mapToRegistry using default registry
51 silly mapToRegistry registry https://registry.npmjs.org/
52 silly mapToRegistry uri https://registry.npmjs.org/patch
53 verbose publish registryBase https://registry.npmjs.org/
54 silly publish uploading /Users/thomashoffmann/.npm/patch/0.0.1/package.tgz
55 verbose request uri https://registry.npmjs.org/patch
56 verbose request sending authorization for write operation
57 info attempt registry request try #1 at 15:13:36
58 http request PUT https://registry.npmjs.org/patch
59 http 404 https://registry.npmjs.org/patch
60 verbose headers { 'content-type': 'application/json',
60 verbose headers   'cache-control': 'max-age=0',
60 verbose headers   'content-length': '21',
60 verbose headers   'accept-ranges': 'bytes',
60 verbose headers   date: 'Tue, 12 May 2015 13:13:37 GMT',
60 verbose headers   via: '1.1 varnish',
60 verbose headers   connection: 'keep-alive',
60 verbose headers   'x-served-by': 'cache-fra1232-FRA',
60 verbose headers   'x-cache': 'MISS',
60 verbose headers   'x-cache-hits': '0',
60 verbose headers   'x-timer': 'S1431436416.304520,VS0,VE745' }
61 verbose request invalidating /Users/thomashoffmann/.npm/registry.npmjs.org/patch on PUT
62 error publish Failed PUT 404
63 verbose stack Error: Not found : patch
63 verbose stack     at CachingRegistryClient.<anonymous> (/usr/local/lib/node_modules/npm/node_modules/npm-registry-client/lib/request.js:254:14)
63 verbose stack     at Request._callback (/usr/local/lib/node_modules/npm/node_modules/npm-registry-client/lib/request.js:178:14)
63 verbose stack     at Request.self.callback (/usr/local/lib/node_modules/npm/node_modules/request/request.js:344:22)
63 verbose stack     at Request.emit (events.js:110:17)
63 verbose stack     at Request.<anonymous> (/usr/local/lib/node_modules/npm/node_modules/request/request.js:1239:14)
63 verbose stack     at Request.emit (events.js:129:20)
63 verbose stack     at IncomingMessage.<anonymous> (/usr/local/lib/node_modules/npm/node_modules/request/request.js:1187:12)
63 verbose stack     at IncomingMessage.emit (events.js:129:20)
63 verbose stack     at _stream_readable.js:908:16
63 verbose stack     at process._tickCallback (node.js:355:11)
64 verbose statusCode 404
65 verbose pkgid patch
66 verbose cwd /Users/thomashoffmann/Documents/Projects/node/genapi
67 error Darwin 14.3.0
68 error argv "node" "/usr/local/bin/npm" "publish" "patch"
69 error node v0.12.0
70 error npm  v2.5.1
71 error code E404
72 error 404 Not found : patch
72 error 404
72 error 404 'patch' is not in the npm registry.
72 error 404 You should bug the author to publish it (or use the name yourself!)
72 error 404
72 error 404 Note that you can also install from a
72 error 404 tarball, folder, http url, or git url.
73 verbose exit [ 1, true ]
